Dec 13, 2024 10:03:17 PM org.apache.karaf.main.Main launch
INFO: Installing and starting initial bundles
Dec 13, 2024 10:03:19 PM org.apache.karaf.main.Main launch
INFO: All initial bundles installed and set to start
Dec 13, 2024 10:03:20 PM org.apache.karaf.main.Main$KarafLockCallback lockAcquired
INFO: Lock acquired. Setting startlevel to 100
Dec 15, 2024 7:35:33 PM org.apache.karaf.main.Main launch
INFO: Installing and starting initial bundles
Dec 15, 2024 7:35:37 PM org.apache.karaf.main.Main launch
INFO: All initial bundles installed and set to start
Dec 15, 2024 7:35:37 PM org.apache.karaf.main.Main$KarafLockCallback lockAcquired
INFO: Lock acquired. Setting startlevel to 100
Dec 24, 2024 4:35:21 PM org.apache.karaf.main.Main launch
INFO: Installing and starting initial bundles
Dec 24, 2024 4:35:24 PM org.apache.karaf.main.Main launch
INFO: All initial bundles installed and set to start
Dec 24, 2024 4:35:25 PM org.apache.karaf.main.Main$KarafLockCallback lockAcquired
INFO: Lock acquired. Setting startlevel to 100
Dec 24, 2024 5:23:42 PM org.apache.karaf.main.Main launch
INFO: Installing and starting initial bundles
Dec 24, 2024 5:23:44 PM org.apache.karaf.main.Main launch
INFO: All initial bundles installed and set to start
Dec 24, 2024 5:23:45 PM org.apache.karaf.main.Main$KarafLockCallback lockAcquired
INFO: Lock acquired. Setting startlevel to 100
